
running 1 test
buf_size,num_cores,percent_accessed,percent_writes,stm_ops_per_sec,swym_o_ops_per_sec,stm_ops,swym_ops
64,8,0.05,0.05,2545905.209560252,3107178.9137027343,7637720,9321709
64,8,0.1,0.05,2375019.0619844454,738282.2710492875,7125063,2214867
64,8,0.15,0.05,2080018.3507083901,244734.63228771574,6240059,734231
64,8,0.2,0.05,1874837.877295714,94542.93272587293,5624521,283645
64,8,0.25,0.05,1617308.2274301827,50854.04390859889,4851930,152581
64,8,0.3,0.05,1518641.1082961727,32779.618190767134,4555927,98358
64,8,0.35,0.05,1420734.5568758496,23777.84213488116,4262210,71347
64,8,0.4,0.05,1343474.5636882493,19128.884075149992,4030433,57404
64,8,0.45,0.05,1271448.2782451469,15475.79965613257,3814349,46436
test linear2 ... test linear2 has been running for over 60 seconds
64,8,0.5,0.05,1170244.4406579912,12162.380420776102,3510739,36504
64,8,0.55,0.05,1152423.417823823,10665.053647394245,3457274,32004
64,8,0.6,0.05,1063720.4253049302,9584.190523913494,3191165,28762
64,8,0.65,0.05,1078657.2061365528,8697.662672772109,3235975,26106
64,8,0.7,0.05,1028344.251791808,7887.824773659236,3085047,23674
64,8,0.75,0.05,1011237.9172250698,7129.192683164327,3033719,21399
64,8,0.8,0.05,915423.5310503738,6767.216823526631,2746275,20313
64,8,0.85,0.05,888166.4916223981,6489.605264271826,2664503,19476
64,8,0.9,0.05,824497.3669455486,6110.337960260628,2473497,18341
64,8,0.95,0.05,827569.7251880914,5861.584696902272,2482715,17592
64,8,1,0.05,800695.632403379,5548.184590121742,2402103,16652
64,16,0.05,0.05,1873254.6205426755,2991581.685139503,5619775,8975086
64,16,0.1,0.05,1775428.9057164348,310443.35400538676,5326298,931409
64,16,0.15,0.05,1655387.405050352,99675.29156498334,4966173,299083
64,16,0.2,0.05,1569330.6869561619,44502.673638767534,4708005,133533
64,16,0.25,0.05,1446272.6095984483,23826.59910334486,4338831,71509
64,16,0.3,0.05,1347172.1762763062,17440.599287470042,4041528,52349
64,16,0.35,0.05,1240393.83864957,14045.605779480084,3721191,42162
64,16,0.4,0.05,1163686.0050601184,11939.967833670029,3491067,35845
64,16,0.45,0.05,1132034.6796044922,10650.758290067368,3396113,31972
64,16,0.5,0.05,1018861.1595563651,9380.350597221977,3056599,28162
64,16,0.55,0.05,1009195.4418757095,8751.69008292181,3027598,26275
64,16,0.6,0.05,912452.9083053957,8148.855425159669,2737368,24466
64,16,0.65,0.05,908743.1633659702,7600.809917581538,2726244,22824
64,16,0.7,0.05,835963.5988677946,7325.224213995141,2507903,21996
64,16,0.75,0.05,815306.2516549177,6756.262231540109,2445948,20284
64,16,0.8,0.05,776659.7357328575,6487.499378572685,2329991,19482
64,16,0.85,0.05,744455.7069852519,6151.564613945778,2233384,18473
64,16,0.9,0.05,732082.9695885518,5902.944873333255,2196267,17726
64,16,0.95,0.05,733635.2139716068,5739.410300304242,2200918,17235
64,16,1,0.05,671280.2429828547,5474.473449597871,2013850,16442
128,8,0.05,0.05,2361585.6782992156,1138094.0812696149,7084761,3414305
128,8,0.1,0.05,1769148.2942388041,189049.68330720655,5307452,567167
128,8,0.15,0.05,1409390.870138319,51434.58370074697,4228176,154315
128,8,0.2,0.05,1222444.030235186,24835.83763279117,3667338,74521
128,8,0.25,0.05,1071593.144425737,15002.360491468637,3214786,45017
128,8,0.3,0.05,957077.5270576858,10797.07245366774,2871237,32406
128,8,0.35,0.05,890852.8650050424,8369.609375767492,2672579,25121
128,8,0.4,0.05,806562.4919511642,6922.425435051119,2419693,20780
128,8,0.45,0.05,761218.628964823,6088.94338695341,2283661,18276
128,8,0.5,0.05,717244.2708380171,5385.40636138565,2151749,16165
128,8,0.55,0.05,658982.7635202166,4912.288695640286,1976956,14749
128,8,0.6,0.05,644982.4666616826,4601.242115169746,1934952,13812
128,8,0.65,0.05,592160.5539821384,4344.931319158921,1776489,13042
128,8,0.7,0.05,548876.1213799953,4162.452696844608,1646634,12496
128,8,0.75,0.05,527021.3777974467,3955.4359316851,1581073,11875
128,8,0.8,0.05,501195.62178852974,3797.8322509065124,1503593,11403
128,8,0.85,0.05,491804.1207623804,3633.2671090109366,1475417,10909
128,8,0.9,0.05,460850.4481629242,3500.619801871007,1382556,10511
128,8,0.95,0.05,443890.9581015927,3358.699108621276,1331679,10083
128,8,1,0.05,429364.38530021947,3254.400509624931,1288097,9771
128,16,0.05,0.05,1751820.6345595063,738799.0737602307,5255474,2216564
128,16,0.1,0.05,1531081.3998478286,82807.89462962077,4593269,248484
128,16,0.15,0.05,1266833.7443933354,23345.589847979278,3800512,70058
128,16,0.2,0.05,1075049.5644134656,13024.451120763528,3225163,39101
128,16,0.25,0.05,943032.8237503702,9554.946766536537,2829112,28688
128,16,0.3,0.05,827341.2956320302,8073.625257089904,2482036,24242
128,16,0.35,0.05,770295.7425233889,7068.094235706812,2310899,21220
128,16,0.4,0.05,707395.5690241759,6289.487626635747,2122201,18887
128,16,0.45,0.05,658352.44666485,5639.642530990158,1975067,16939
128,16,0.5,0.05,656677.9986018646,5276.68246370177,1970047,15846
128,16,0.55,0.05,591265.908412174,4975.977106427852,1773813,14947
128,16,0.6,0.05,559228.530272767,4678.010906153477,1677699,14050
128,16,0.65,0.05,551321.8750956231,4413.144715459407,1653981,13259
128,16,0.7,0.05,497436.2796613302,4213.690873101491,1492323,12657
128,16,0.75,0.05,482450.47356872796,4010.3843270034304,1447363,12048
128,16,0.8,0.05,459241.04034808814,3829.9545537166628,1377736,11507
128,16,0.85,0.05,430900.2110546476,3679.508457865781,1292713,11058
128,16,0.9,0.05,439416.1318568299,3518.6955060751734,1318259,10574
128,16,0.95,0.05,418756.07500980183,3427.6389544488948,1256283,10299
128,16,1,0.05,396220.811702316,3273.96463935127,1188674,9840
256,8,0.05,0.05,1775834.5450679464,343389.3760381717,5327509,1030196
256,8,0.1,0.05,1174383.5453385226,41464.30689857746,3523157,124404
256,8,0.15,0.05,901308.3919095211,14718.241623410253,2703941,44166
256,8,0.2,0.05,737062.7267822765,8018.126328025292,2211193,24061
256,8,0.25,0.05,610871.3215316633,5628.3045494168355,1832621,16894
256,8,0.3,0.05,548859.1044307024,4549.475095509341,1646582,13659
256,8,0.35,0.05,480776.545009916,3923.8333636174275,1442334,11779
256,8,0.4,0.05,448115.13650284725,3621.7473774934733,1344350,10875
256,8,0.45,0.05,422423.6731672426,3316.850635948148,1267275,9960
256,8,0.5,0.05,375388.8421517642,3113.0620673899602,1126172,9348
256,8,0.55,0.05,344459.13912861707,2925.1400194020925,1033384,8785
256,8,0.6,0.05,327398.713488828,2725.2085076994567,982204,8183
256,8,0.65,0.05,300180.1684674459,2590.4857298143374,900545,7779
256,8,0.7,0.05,294209.47030089755,2469.7856103450063,882634,7417
256,8,0.75,0.05,284218.49098929187,2345.430837574793,852660,7046
256,8,0.8,0.05,270774.2143343145,2235.289332249941,812328,6716
256,8,0.85,0.05,244944.21295850328,2135.3338221896142,734836,6414
256,8,0.9,0.05,248471.98434568464,2038.460600795779,745421,6124
256,8,0.95,0.05,245986.7091650883,1962.7505662783346,737965,5897
256,8,1,0.05,229447.1500743804,1896.505264907341,688345,5697
256,16,0.05,0.05,1493535.1867296814,171962.39465070918,4480616,515908
256,16,0.1,0.05,1023674.1447999575,18493.893868080035,3071035,55515
256,16,0.15,0.05,778461.8613294273,8443.66163900053,2335399,25353
256,16,0.2,0.05,668235.1868179742,6100.155872804153,2004719,18316
256,16,0.25,0.05,599732.8479677127,5059.768502954056,1799210,15195
256,16,0.3,0.05,506565.2050629091,4515.197674096067,1519713,13566
256,16,0.35,0.05,436941.4841037237,4064.604519848614,1310840,12211
256,16,0.4,0.05,407620.68757390365,3709.4863680915073,1222873,11147
256,16,0.45,0.05,377814.2125901742,3422.8011408556617,1133457,10285
256,16,0.5,0.05,358704.4334760791,3172.4839687264857,1076126,9535
256,16,0.55,0.05,341047.105014696,2968.04706836849,1023153,8920
256,16,0.6,0.05,307518.11201590963,2797.0524516870073,922568,8407
256,16,0.65,0.05,302489.32305051945,2644.6366849374754,907478,7949
256,16,0.7,0.05,264644.8093848747,2512.504802555861,793943,7558
256,16,0.75,0.05,253673.28090931303,2394.371888353835,761033,7199
256,16,0.8,0.05,257245.07752969314,2294.6544147842133,771750,6899
256,16,0.85,0.05,232589.1334382457,2184.6381722764827,697779,6575
256,16,0.9,0.05,234359.78752584572,2088.9496793190983,703095,6284
256,16,0.95,0.05,212891.6215679113,2000.1770439194752,638686,6018
256,16,1,0.05,212309.2048314242,1931.8009272177787,636939,5812
Test complete. Took 732.704001204s ... test linear2 has been running for over 60 seconds
test linear2 ... ok

test result: ok. 1 passed; 0 failed; 0